{
  "RSpec": {
    "coverage": {
      "/Users/peterdean/Projects/TechTests/Bank/spec/features/deposit_and_withdrawal_spec.rb": {
        "lines": [
          1,
          1,
          null,
          1,
          null,
          1,
          2,
          2,
          2,
          null,
          null,
          1,
          2,
          null,
          null,
          1,
          2,
          null,
          null,
          null
        ]
      },
      "/Users/peterdean/Projects/TechTests/Bank/lib/client.rb": {
        "lines": [
          1,
          null,
          1,
          null,
          1,
          3,
          null,
          null,
          1,
          4,
          4,
          null,
          null,
          1,
          2,
          2,
          null,
          null,
          1,
          4,
          null,
          null,
          null
        ]
      },
      "/Users/peterdean/Projects/TechTests/Bank/lib/account.rb": {
        "lines": [
          1,
          null,
          1,
          null,
          1,
          null,
          1,
          3,
          3,
          null,
          null,
          1,
          4,
          4,
          null,
          null,
          1,
          2,
          2,
          null,
          null,
          1,
          12,
          null,
          null,
          null
        ]
      },
      "/Users/peterdean/Projects/TechTests/Bank/lib/statement.rb": {
        "lines": [
          1,
          null,
          1,
          3,
          null,
          null,
          1,
          6,
          6,
          6,
          null,
          null,
          1,
          4,
          12,
          null,
          null,
          null
        ]
      },
      "/Users/peterdean/Projects/TechTests/Bank/spec/features/statement_spec.rb": {
        "lines": [
          1,
          1,
          1,
          null,
          1,
          null,
          1,
          1,
          1,
          1,
          1,
          null,
          null,
          1,
          2,
          2,
          2,
          2,
          null,
          null,
          null
        ]
      }
    },
    "timestamp": 1585088190
  }
}
